# JRE version: OpenJDK Runtime Environment (7.0_65-b32) (build 1.7.0_65-b32)
# Java VM: OpenJDK Server VM (24.65-b04 mixed mode linux-x86 )
Heap
 PSYoungGen      total 206336K, used 12348K [0x9de80000, 0xae080000, 0xb3400000)
  eden space 182016K, 0% used [0x9de80000,0x9de80000,0xa9040000)
  from space 24320K, 50% used [0xa9040000,0xa9c4f1a8,0xaa800000)
  to   space 27904K, 0% used [0xac540000,0xac540000,0xae080000)
 ParOldGen       total 78592K, used 78350K [0x73400000, 0x780c0000, 0x9de80000)
  object space 78592K, 99% used [0x73400000,0x78083b08,0x780c0000)
 PSPermGen       total 58880K, used 41308K [0x63400000, 0x66d80000, 0x73400000)
  object space 58880K, 70% used [0x63400000,0x65c570d0,0x66d80000)
GC Heap History (10 events):
Event: 377,231 GC heap after
Heap after GC invocations=16 (full 2):
 PSYoungGen      total 202240K, used 15098K [0x9de80000, 0xabbc0000, 0xb3400000)
  eden space 187136K, 0% used [0x9de80000,0x9de80000,0xa9540000)
  from space 15104K, 99% used [0xaaa00000,0xab8be868,0xab8c0000)
  to   space 19712K, 0% used [0xa9540000,0xa9540000,0xaa880000)
 ParOldGen       total 74496K, used 47353K [0x73400000, 0x77cc0000, 0x9de80000)
  object space 74496K, 63% used [0x73400000,0x7623e6b8,0x77cc0000)
 PSPermGen       total 55552K, used 31604K [0x63400000, 0x66a40000, 0x73400000)
  object space 55552K, 56% used [0x63400000,0x652dd3f8,0x66a40000)
}
Event: 396,419 GC heap before
{Heap before GC invocations=17 (full 2):
 PSYoungGen      total 202240K, used 119213K [0x9de80000, 0xabbc0000, 0xb3400000)
  eden space 187136K, 55% used [0x9de80000,0xa442cba8,0xa9540000)
  from space 15104K, 99% used [0xaaa00000,0xab8be868,0xab8c0000)
  to   space 19712K, 0% used [0xa9540000,0xa9540000,0xaa880000)
 ParOldGen       total 74496K, used 47353K [0x73400000, 0x77cc0000, 0x9de80000)
  object space 74496K, 63% used [0x73400000,0x7623e6b8,0x77cc0000)
 PSPermGen       total 55552K, used 32635K [0x63400000, 0x66a40000, 0x73400000)
  object space 55552K, 58% used [0x63400000,0x653def08,0x66a40000)
Event: 396,506 GC heap after
Heap after GC invocations=17 (full 2):
 PSYoungGen      total 191744K, used 4566K [0x9de80000, 0xabac0000, 0xb3400000)
  eden space 187136K, 0% used [0x9de80000,0x9de80000,0xa9540000)
  from space 4608K, 99% used [0xa9540000,0xa99b5b58,0xa99c0000)
  to   space 19200K, 0% used [0xaa800000,0xaa800000,0xabac0000)
 ParOldGen       total 74496K, used 61949K [0x73400000, 0x77cc0000, 0x9de80000)
  object space 74496K, 83% used [0x73400000,0x7707f588,0x77cc0000)
 PSPermGen       total 55552K, used 32635K [0x63400000, 0x66a40000, 0x73400000)
  object space 55552K, 58% used [0x63400000,0x653def08,0x66a40000)
}
Event: 396,506 GC heap before
{Heap before GC invocations=18 (full 3):
 PSYoungGen      total 191744K, used 4566K [0x9de80000, 0xabac0000, 0xb3400000)
  eden space 187136K, 0% used [0x9de80000,0x9de80000,0xa9540000)
  from space 4608K, 99% used [0xa9540000,0xa99b5b58,0xa99c0000)
  to   space 19200K, 0% used [0xaa800000,0xaa800000,0xabac0000)
 ParOldGen       total 74496K, used 61949K [0x73400000, 0x77cc0000, 0x9de80000)
  object space 74496K, 83% used [0x73400000,0x7707f588,0x77cc0000)
 PSPermGen       total 55552K, used 32635K [0x63400000, 0x66a40000, 0x73400000)
  object space 55552K, 58% used [0x63400000,0x653def08,0x66a40000)
Event: 397,932 GC heap after
Heap after GC invocations=18 (full 3):
 PSYoungGen      total 191744K, used 0K [0x9de80000, 0xabac0000, 0xb3400000)
  eden space 187136K, 0% used [0x9de80000,0x9de80000,0xa9540000)
  from space 4608K, 0% used [0xa9540000,0xa9540000,0xa99c0000)
  to   space 19200K, 0% used [0xaa800000,0xaa800000,0xabac0000)
 ParOldGen       total 74496K, used 55078K [0x73400000, 0x77cc0000, 0x9de80000)
  object space 74496K, 73% used [0x73400000,0x769c9830,0x77cc0000)
 PSPermGen       total 58880K, used 32631K [0x63400000, 0x66d80000, 0x73400000)
  object space 58880K, 55% used [0x63400000,0x653ddda8,0x66d80000)
}
Event: 442,908 GC heap before
{Heap before GC invocations=19 (full 3):
 PSYoungGen      total 191744K, used 187136K [0x9de80000, 0xabac0000, 0xb3400000)
  eden space 187136K, 100% used [0x9de80000,0xa9540000,0xa9540000)
  from space 4608K, 0% used [0xa9540000,0xa9540000,0xa99c0000)
  to   space 19200K, 0% used [0xaa800000,0xaa800000,0xabac0000)
 ParOldGen       total 74496K, used 55078K [0x73400000, 0x77cc0000, 0x9de80000)
  object space 74496K, 73% used [0x73400000,0x769c9830,0x77cc0000)
 PSPermGen       total 58880K, used 36962K [0x63400000, 0x66d80000, 0x73400000)
  object space 58880K, 62% used [0x63400000,0x65818a98,0x66d80000)
Event: 443,060 GC heap after
Heap after GC invocations=19 (full 3):
 PSYoungGen      total 201216K, used 19196K [0x9de80000, 0xae480000, 0xb3400000)
  eden space 182016K, 0% used [0x9de80000,0x9de80000,0xa9040000)
  from space 19200K, 99% used [0xaa800000,0xababf378,0xabac0000)
  to   space 24320K, 0% used [0xa9040000,0xa9040000,0xaa800000)
 ParOldGen       total 74496K, used 60850K [0x73400000, 0x77cc0000, 0x9de80000)
  object space 74496K, 81% used [0x73400000,0x76f6ca98,0x77cc0000)
 PSPermGen       total 58880K, used 36962K [0x63400000, 0x66d80000, 0x73400000)
  object space 58880K, 62% used [0x63400000,0x65818a98,0x66d80000)
}
Event: 577,602 GC heap before
{Heap before GC invocations=20 (full 3):
 PSYoungGen      total 201216K, used 201212K [0x9de80000, 0xae480000, 0xb3400000)
  eden space 182016K, 100% used [0x9de80000,0xa9040000,0xa9040000)
  from space 19200K, 99% used [0xaa800000,0xababf378,0xabac0000)
  to   space 24320K, 0% used [0xa9040000,0xa9040000,0xaa800000)
 ParOldGen       total 74496K, used 60850K [0x73400000, 0x77cc0000, 0x9de80000)
  object space 74496K, 81% used [0x73400000,0x76f6ca98,0x77cc0000)
 PSPermGen       total 58880K, used 41315K [0x63400000, 0x66d80000, 0x73400000)
  object space 58880K, 70% used [0x63400000,0x65c58ea0,0x66d80000)
Event: 577,740 GC heap after
Heap after GC invocations=20 (full 3):
 PSYoungGen      total 206336K, used 23184K [0x9de80000, 0xae080000, 0xb3400000)
  eden space 182016K, 0% used [0x9de80000,0x9de80000,0xa9040000)
  from space 24320K, 95% used [0xa9040000,0xaa6e4068,0xaa800000)
  to   space 27904K, 0% used [0xac540000,0xac540000,0xae080000)
 ParOldGen       total 78592K, used 78172K [0x73400000, 0x780c0000, 0x9de80000)
  object space 78592K, 99% used [0x73400000,0x780573b0,0x780c0000)
 PSPermGen       total 58880K, used 41315K [0x63400000, 0x66d80000, 0x73400000)
  object space 58880K, 70% used [0x63400000,0x65c58ea0,0x66d80000)
}
Event: 577,740 GC heap before
{Heap before GC invocations=21 (full 4):
 PSYoungGen      total 206336K, used 23184K [0x9de80000, 0xae080000, 0xb3400000)
  eden space 182016K, 0% used [0x9de80000,0x9de80000,0xa9040000)
  from space 24320K, 95% used [0xa9040000,0xaa6e4068,0xaa800000)
  to   space 27904K, 0% used [0xac540000,0xac540000,0xae080000)
 ParOldGen       total 78592K, used 78172K [0x73400000, 0x780c0000, 0x9de80000)
  object space 78592K, 99% used [0x73400000,0x780573b0,0x780c0000)
 PSPermGen       total 58880K, used 41315K [0x63400000, 0x66d80000, 0x73400000)
  object space 58880K, 70% used [0x63400000,0x65c58ea0,0x66d80000)

