# JRE version: OpenJDK Runtime Environment (7.0_65-b32) (build 1.7.0_65-b32)
# Java VM: OpenJDK Server VM (24.65-b04 mixed mode linux-x86 )
Heap
 PSYoungGen      total 18432K, used 2548K [0x9dec0000, 0x9f340000, 0xb3440000)
  eden space 15872K, 0% used [0x9dec0000,0x9dec0000,0x9ee40000)
  from space 2560K, 99% used [0x9ee40000,0x9f0bd3e0,0x9f0c0000)
  to   space 2560K, 0% used [0x9f0c0000,0x9f0c0000,0x9f340000)
 ParOldGen       total 41728K, used 5738K [0x73440000, 0x75d00000, 0x9dec0000)
  object space 41728K, 13% used [0x73440000,0x739da860,0x75d00000)
 PSPermGen       total 16384K, used 3700K [0x6b440000, 0x6c440000, 0x73440000)
  object space 16384K, 22% used [0x6b440000,0x6b7dd368,0x6c440000)
GC Heap History (5 events):
Event: 7,452 GC heap before
{Heap before GC invocations=1 (full 0):
 PSYoungGen      total 18432K, used 15872K [0x9dec0000, 0x9f340000, 0xb3440000)
  eden space 15872K, 100% used [0x9dec0000,0x9ee40000,0x9ee40000)
  from space 2560K, 0% used [0x9f0c0000,0x9f0c0000,0x9f340000)
  to   space 2560K, 0% used [0x9ee40000,0x9ee40000,0x9f0c0000)
 ParOldGen       total 41728K, used 0K [0x73440000, 0x75d00000, 0x9dec0000)
  object space 41728K, 0% used [0x73440000,0x73440000,0x75d00000)
 PSPermGen       total 16384K, used 3595K [0x6b440000, 0x6c440000, 0x73440000)
  object space 16384K, 21% used [0x6b440000,0x6b7c2e20,0x6c440000)
Event: 7,472 GC heap after
Heap after GC invocations=1 (full 0):
 PSYoungGen      total 18432K, used 2550K [0x9dec0000, 0x9f340000, 0xb3440000)
  eden space 15872K, 0% used [0x9dec0000,0x9dec0000,0x9ee40000)
  from space 2560K, 99% used [0x9ee40000,0x9f0bd818,0x9f0c0000)
  to   space 2560K, 0% used [0x9f0c0000,0x9f0c0000,0x9f340000)
 ParOldGen       total 41728K, used 1146K [0x73440000, 0x75d00000, 0x9dec0000)
  object space 41728K, 2% used [0x73440000,0x7355e8c0,0x75d00000)
 PSPermGen       total 16384K, used 3595K [0x6b440000, 0x6c440000, 0x73440000)
  object space 16384K, 21% used [0x6b440000,0x6b7c2e20,0x6c440000)
}
Event: 9,932 GC heap before
{Heap before GC invocations=2 (full 0):
 PSYoungGen      total 18432K, used 18422K [0x9dec0000, 0x9f340000, 0xb3440000)
  eden space 15872K, 100% used [0x9dec0000,0x9ee40000,0x9ee40000)
  from space 2560K, 99% used [0x9ee40000,0x9f0bd818,0x9f0c0000)
  to   space 2560K, 0% used [0x9f0c0000,0x9f0c0000,0x9f340000)
 ParOldGen       total 41728K, used 1146K [0x73440000, 0x75d00000, 0x9dec0000)
  object space 41728K, 2% used [0x73440000,0x7355e8c0,0x75d00000)
 PSPermGen       total 16384K, used 3668K [0x6b440000, 0x6c440000, 0x73440000)
  object space 16384K, 22% used [0x6b440000,0x6b7d51f8,0x6c440000)
Event: 9,968 GC heap after
Heap after GC invocations=2 (full 0):
 PSYoungGen      total 18432K, used 2556K [0x9dec0000, 0x9f340000, 0xb3440000)
  eden space 15872K, 0% used [0x9dec0000,0x9dec0000,0x9ee40000)
  from space 2560K, 99% used [0x9f0c0000,0x9f33f2b0,0x9f340000)
  to   space 2560K, 0% used [0x9ee40000,0x9ee40000,0x9f0c0000)
 ParOldGen       total 41728K, used 3387K [0x73440000, 0x75d00000, 0x9dec0000)
  object space 41728K, 8% used [0x73440000,0x7378eca0,0x75d00000)
 PSPermGen       total 16384K, used 3668K [0x6b440000, 0x6c440000, 0x73440000)
  object space 16384K, 22% used [0x6b440000,0x6b7d51f8,0x6c440000)
}
Event: 12,083 GC heap before
{Heap before GC invocations=3 (full 0):
 PSYoungGen      total 18432K, used 18428K [0x9dec0000, 0x9f340000, 0xb3440000)
  eden space 15872K, 100% used [0x9dec0000,0x9ee40000,0x9ee40000)
  from space 2560K, 99% used [0x9f0c0000,0x9f33f2b0,0x9f340000)
  to   space 2560K, 0% used [0x9ee40000,0x9ee40000,0x9f0c0000)
 ParOldGen       total 41728K, used 3387K [0x73440000, 0x75d00000, 0x9dec0000)
  object space 41728K, 8% used [0x73440000,0x7378eca0,0x75d00000)
 PSPermGen       total 16384K, used 3700K [0x6b440000, 0x6c440000, 0x73440000)
  object space 16384K, 22% used [0x6b440000,0x6b7dd368,0x6c440000)

