# JRE version: OpenJDK Runtime Environment (7.0_65-b32) (build 1.7.0_65-b32)
# Java VM: OpenJDK Server VM (24.65-b04 mixed mode linux-x86 )
Heap
 PSYoungGen      total 18432K, used 2553K [0x9de80000, 0xa0280000, 0xb3400000)
  eden space 15872K, 0% used [0x9de80000,0x9de80000,0x9ee00000)
  from space 2560K, 99% used [0x9ee00000,0x9f07e7a8,0x9f080000)
  to   space 2560K, 0% used [0x9f080000,0x9f080000,0x9f300000)
 ParOldGen       total 41728K, used 21465K [0x73400000, 0x75cc0000, 0x9de80000)
  object space 41728K, 51% used [0x73400000,0x748f65c0,0x75cc0000)
 PSPermGen       total 16384K, used 4797K [0x6b400000, 0x6c400000, 0x73400000)
  object space 16384K, 29% used [0x6b400000,0x6b8af7b8,0x6c400000)
GC Heap History (9 events):
Event: 3,589 GC heap before
{Heap before GC invocations=1 (full 0):
 PSYoungGen      total 18432K, used 15872K [0x9de80000, 0x9f300000, 0xb3400000)
  eden space 15872K, 100% used [0x9de80000,0x9ee00000,0x9ee00000)
  from space 2560K, 0% used [0x9f080000,0x9f080000,0x9f300000)
  to   space 2560K, 0% used [0x9ee00000,0x9ee00000,0x9f080000)
 ParOldGen       total 41728K, used 0K [0x73400000, 0x75cc0000, 0x9de80000)
  object space 41728K, 0% used [0x73400000,0x73400000,0x75cc0000)
 PSPermGen       total 16384K, used 3635K [0x6b400000, 0x6c400000, 0x73400000)
  object space 16384K, 22% used [0x6b400000,0x6b78ce70,0x6c400000)
Event: 3,601 GC heap after
Heap after GC invocations=1 (full 0):
 PSYoungGen      total 18432K, used 2556K [0x9de80000, 0x9f300000, 0xb3400000)
  eden space 15872K, 0% used [0x9de80000,0x9de80000,0x9ee00000)
  from space 2560K, 99% used [0x9ee00000,0x9f07f180,0x9f080000)
  to   space 2560K, 0% used [0x9f080000,0x9f080000,0x9f300000)
 ParOldGen       total 41728K, used 1782K [0x73400000, 0x75cc0000, 0x9de80000)
  object space 41728K, 4% used [0x73400000,0x735bdb80,0x75cc0000)
 PSPermGen       total 16384K, used 3635K [0x6b400000, 0x6c400000, 0x73400000)
  object space 16384K, 22% used [0x6b400000,0x6b78ce70,0x6c400000)
}
Event: 5,537 GC heap before
{Heap before GC invocations=2 (full 0):
 PSYoungGen      total 18432K, used 18291K [0x9de80000, 0x9f300000, 0xb3400000)
  eden space 15872K, 99% used [0x9de80000,0x9edddca8,0x9ee00000)
  from space 2560K, 99% used [0x9ee00000,0x9f07f180,0x9f080000)
  to   space 2560K, 0% used [0x9f080000,0x9f080000,0x9f300000)
 ParOldGen       total 41728K, used 1782K [0x73400000, 0x75cc0000, 0x9de80000)
  object space 41728K, 4% used [0x73400000,0x735bdb80,0x75cc0000)
 PSPermGen       total 16384K, used 4747K [0x6b400000, 0x6c400000, 0x73400000)
  object space 16384K, 28% used [0x6b400000,0x6b8a2e40,0x6c400000)
Event: 5,548 GC heap after
Heap after GC invocations=2 (full 0):
 PSYoungGen      total 18432K, used 2554K [0x9de80000, 0x9f300000, 0xb3400000)
  eden space 15872K, 0% used [0x9de80000,0x9de80000,0x9ee00000)
  from space 2560K, 99% used [0x9f080000,0x9f2fe8b0,0x9f300000)
  to   space 2560K, 0% used [0x9ee00000,0x9ee00000,0x9f080000)
 ParOldGen       total 41728K, used 3895K [0x73400000, 0x75cc0000, 0x9de80000)
  object space 41728K, 9% used [0x73400000,0x737cdf88,0x75cc0000)
 PSPermGen       total 16384K, used 4747K [0x6b400000, 0x6c400000, 0x73400000)
  object space 16384K, 28% used [0x6b400000,0x6b8a2e40,0x6c400000)
}
Event: 6,110 GC heap before
{Heap before GC invocations=3 (full 0):
 PSYoungGen      total 18432K, used 18426K [0x9de80000, 0x9f300000, 0xb3400000)
  eden space 15872K, 100% used [0x9de80000,0x9ee00000,0x9ee00000)
  from space 2560K, 99% used [0x9f080000,0x9f2fe8b0,0x9f300000)
  to   space 2560K, 0% used [0x9ee00000,0x9ee00000,0x9f080000)
 ParOldGen       total 41728K, used 3895K [0x73400000, 0x75cc0000, 0x9de80000)
  object space 41728K, 9% used [0x73400000,0x737cdf88,0x75cc0000)
 PSPermGen       total 16384K, used 4780K [0x6b400000, 0x6c400000, 0x73400000)
  object space 16384K, 29% used [0x6b400000,0x6b8ab0e0,0x6c400000)
Event: 6,121 GC heap after
Heap after GC invocations=3 (full 0):
 PSYoungGen      total 18432K, used 2559K [0x9de80000, 0x9f300000, 0xb3400000)
  eden space 15872K, 0% used [0x9de80000,0x9de80000,0x9ee00000)
  from space 2560K, 99% used [0x9ee00000,0x9f07fe10,0x9f080000)
  to   space 2560K, 0% used [0x9f080000,0x9f080000,0x9f300000)
 ParOldGen       total 41728K, used 11538K [0x73400000, 0x75cc0000, 0x9de80000)
  object space 41728K, 27% used [0x73400000,0x73f44a98,0x75cc0000)
 PSPermGen       total 16384K, used 4780K [0x6b400000, 0x6c400000, 0x73400000)
  object space 16384K, 29% used [0x6b400000,0x6b8ab0e0,0x6c400000)
}
Event: 6,472 GC heap before
{Heap before GC invocations=4 (full 0):
 PSYoungGen      total 18432K, used 18431K [0x9de80000, 0x9f300000, 0xb3400000)
  eden space 15872K, 100% used [0x9de80000,0x9ee00000,0x9ee00000)
  from space 2560K, 99% used [0x9ee00000,0x9f07fe10,0x9f080000)
  to   space 2560K, 0% used [0x9f080000,0x9f080000,0x9f300000)
 ParOldGen       total 41728K, used 11538K [0x73400000, 0x75cc0000, 0x9de80000)
  object space 41728K, 27% used [0x73400000,0x73f44a98,0x75cc0000)
 PSPermGen       total 16384K, used 4790K [0x6b400000, 0x6c400000, 0x73400000)
  object space 16384K, 29% used [0x6b400000,0x6b8adb08,0x6c400000)
Event: 6,495 GC heap after
Heap after GC invocations=4 (full 0):
 PSYoungGen      total 18432K, used 2551K [0x9de80000, 0xa0280000, 0xb3400000)
  eden space 15872K, 0% used [0x9de80000,0x9de80000,0x9ee00000)
  from space 2560K, 99% used [0x9f080000,0x9f2fde00,0x9f300000)
  to   space 2560K, 0% used [0x9ee00000,0x9ee00000,0x9f080000)
 ParOldGen       total 41728K, used 18655K [0x73400000, 0x75cc0000, 0x9de80000)
  object space 41728K, 44% used [0x73400000,0x74637e80,0x75cc0000)
 PSPermGen       total 16384K, used 4790K [0x6b400000, 0x6c400000, 0x73400000)
  object space 16384K, 29% used [0x6b400000,0x6b8adb08,0x6c400000)
}
Event: 6,882 GC heap before
{Heap before GC invocations=5 (full 0):
 PSYoungGen      total 18432K, used 18423K [0x9de80000, 0xa0280000, 0xb3400000)
  eden space 15872K, 100% used [0x9de80000,0x9ee00000,0x9ee00000)
  from space 2560K, 99% used [0x9f080000,0x9f2fde00,0x9f300000)
  to   space 2560K, 0% used [0x9ee00000,0x9ee00000,0x9f080000)
 ParOldGen       total 41728K, used 18655K [0x73400000, 0x75cc0000, 0x9de80000)
  object space 41728K, 44% used [0x73400000,0x74637e80,0x75cc0000)
 PSPermGen       total 16384K, used 4797K [0x6b400000, 0x6c400000, 0x73400000)
  object space 16384K, 29% used [0x6b400000,0x6b8af7b8,0x6c400000)

