# JRE version: OpenJDK Runtime Environment (7.0_65-b32) (build 1.7.0_65-b32)
# Java VM: OpenJDK Server VM (24.65-b04 mixed mode linux-x86 )
Heap
 PSYoungGen      total 132864K, used 82683K [0x9df40000, 0xabec0000, 0xb34c0000)
  eden space 50176K, 0% used [0x9df40000,0x9df40000,0xa1040000)
  from space 82688K, 99% used [0xa6e00000,0xabebed80,0xabec0000)
  to   space 71936K, 0% used [0xa1040000,0xa1040000,0xa5680000)
 ParOldGen       total 126464K, used 79720K [0x734c0000, 0x7b040000, 0x9df40000)
  object space 126464K, 63% used [0x734c0000,0x7829a250,0x7b040000)
 PSPermGen       total 16384K, used 3683K [0x6b4c0000, 0x6c4c0000, 0x734c0000)
  object space 16384K, 22% used [0x6b4c0000,0x6b858cf8,0x6c4c0000)
GC Heap History (10 events):
Event: 12,498 GC heap after
Heap after GC invocations=7 (full 2):
 PSYoungGen      total 66048K, used 0K [0x9df40000, 0xa5dc0000, 0xb34c0000)
  eden space 63488K, 0% used [0x9df40000,0x9df40000,0xa1d40000)
  from space 2560K, 0% used [0xa1d40000,0xa1d40000,0xa1fc0000)
  to   space 32768K, 0% used [0xa3dc0000,0xa3dc0000,0xa5dc0000)
 ParOldGen       total 126464K, used 47394K [0x734c0000, 0x7b040000, 0x9df40000)
  object space 126464K, 37% used [0x734c0000,0x76308990,0x7b040000)
 PSPermGen       total 16384K, used 3677K [0x6b4c0000, 0x6c4c0000, 0x734c0000)
  object space 16384K, 22% used [0x6b4c0000,0x6b8576f0,0x6c4c0000)
}
Event: 15,444 GC heap before
{Heap before GC invocations=8 (full 2):
 PSYoungGen      total 66048K, used 63488K [0x9df40000, 0xa5dc0000, 0xb34c0000)
  eden space 63488K, 100% used [0x9df40000,0xa1d40000,0xa1d40000)
  from space 2560K, 0% used [0xa1d40000,0xa1d40000,0xa1fc0000)
  to   space 32768K, 0% used [0xa3dc0000,0xa3dc0000,0xa5dc0000)
 ParOldGen       total 126464K, used 47394K [0x734c0000, 0x7b040000, 0x9df40000)
  object space 126464K, 37% used [0x734c0000,0x76308990,0x7b040000)
 PSPermGen       total 16384K, used 3682K [0x6b4c0000, 0x6c4c0000, 0x734c0000)
  object space 16384K, 22% used [0x6b4c0000,0x6b858818,0x6c4c0000)
Event: 15,570 GC heap after
Heap after GC invocations=8 (full 2):
 PSYoungGen      total 83456K, used 32766K [0x9df40000, 0xa8580000, 0xb34c0000)
  eden space 50688K, 0% used [0x9df40000,0x9df40000,0xa10c0000)
  from space 32768K, 99% used [0xa3dc0000,0xa5dbfb98,0xa5dc0000)
  to   space 46080K, 0% used [0xa10c0000,0xa10c0000,0xa3dc0000)
 ParOldGen       total 126464K, used 57786K [0x734c0000, 0x7b040000, 0x9df40000)
  object space 126464K, 45% used [0x734c0000,0x76d2e990,0x7b040000)
 PSPermGen       total 16384K, used 3682K [0x6b4c0000, 0x6c4c0000, 0x734c0000)
  object space 16384K, 22% used [0x6b4c0000,0x6b858818,0x6c4c0000)
}
Event: 16,713 GC heap before
{Heap before GC invocations=9 (full 2):
 PSYoungGen      total 83456K, used 83454K [0x9df40000, 0xa8580000, 0xb34c0000)
  eden space 50688K, 100% used [0x9df40000,0xa10c0000,0xa10c0000)
  from space 32768K, 99% used [0xa3dc0000,0xa5dbfb98,0xa5dc0000)
  to   space 46080K, 0% used [0xa10c0000,0xa10c0000,0xa3dc0000)
 ParOldGen       total 126464K, used 57786K [0x734c0000, 0x7b040000, 0x9df40000)
  object space 126464K, 45% used [0x734c0000,0x76d2e990,0x7b040000)
 PSPermGen       total 16384K, used 3682K [0x6b4c0000, 0x6c4c0000, 0x734c0000)
  object space 16384K, 22% used [0x6b4c0000,0x6b858938,0x6c4c0000)
Event: 17,111 GC heap after
Heap after GC invocations=9 (full 2):
 PSYoungGen      total 96768K, used 40448K [0x9df40000, 0xa8a80000, 0xb34c0000)
  eden space 50688K, 0% used [0x9df40000,0x9df40000,0xa10c0000)
  from space 46080K, 87% used [0xa10c0000,0xa3840370,0xa3dc0000)
  to   space 53248K, 0% used [0xa5680000,0xa5680000,0xa8a80000)
 ParOldGen       total 126464K, used 57786K [0x734c0000, 0x7b040000, 0x9df40000)
  object space 126464K, 45% used [0x734c0000,0x76d2e990,0x7b040000)
 PSPermGen       total 16384K, used 3682K [0x6b4c0000, 0x6c4c0000, 0x734c0000)
  object space 16384K, 22% used [0x6b4c0000,0x6b858938,0x6c4c0000)
}
Event: 19,350 GC heap before
{Heap before GC invocations=10 (full 2):
 PSYoungGen      total 96768K, used 91136K [0x9df40000, 0xa8a80000, 0xb34c0000)
  eden space 50688K, 100% used [0x9df40000,0xa10c0000,0xa10c0000)
  from space 46080K, 87% used [0xa10c0000,0xa3840370,0xa3dc0000)
  to   space 53248K, 0% used [0xa5680000,0xa5680000,0xa8a80000)
 ParOldGen       total 126464K, used 57786K [0x734c0000, 0x7b040000, 0x9df40000)
  object space 126464K, 45% used [0x734c0000,0x76d2e990,0x7b040000)
 PSPermGen       total 16384K, used 3682K [0x6b4c0000, 0x6c4c0000, 0x734c0000)
  object space 16384K, 22% used [0x6b4c0000,0x6b858948,0x6c4c0000)
Event: 19,529 GC heap after
Heap after GC invocations=10 (full 2):
 PSYoungGen      total 103424K, used 53242K [0x9df40000, 0xaaf40000, 0xb34c0000)
  eden space 50176K, 0% used [0x9df40000,0x9df40000,0xa1040000)
  from space 53248K, 99% used [0xa5680000,0xa8a7e818,0xa8a80000)
  to   space 71936K, 0% used [0xa1040000,0xa1040000,0xa5680000)
 ParOldGen       total 126464K, used 77583K [0x734c0000, 0x7b040000, 0x9df40000)
  object space 126464K, 61% used [0x734c0000,0x78083db8,0x7b040000)
 PSPermGen       total 16384K, used 3682K [0x6b4c0000, 0x6c4c0000, 0x734c0000)
  object space 16384K, 22% used [0x6b4c0000,0x6b858948,0x6c4c0000)
}
Event: 20,238 GC heap before
{Heap before GC invocations=11 (full 2):
 PSYoungGen      total 103424K, used 103418K [0x9df40000, 0xaaf40000, 0xb34c0000)
  eden space 50176K, 100% used [0x9df40000,0xa1040000,0xa1040000)
  from space 53248K, 99% used [0xa5680000,0xa8a7e818,0xa8a80000)
  to   space 71936K, 0% used [0xa1040000,0xa1040000,0xa5680000)
 ParOldGen       total 126464K, used 77583K [0x734c0000, 0x7b040000, 0x9df40000)
  object space 126464K, 61% used [0x734c0000,0x78083db8,0x7b040000)
 PSPermGen       total 16384K, used 3682K [0x6b4c0000, 0x6c4c0000, 0x734c0000)
  object space 16384K, 22% used [0x6b4c0000,0x6b858948,0x6c4c0000)
Event: 20,377 GC heap after
Heap after GC invocations=11 (full 2):
 PSYoungGen      total 122112K, used 66922K [0x9df40000, 0xabec0000, 0xb34c0000)
  eden space 50176K, 0% used [0x9df40000,0x9df40000,0xa1040000)
  from space 71936K, 93% used [0xa1040000,0xa519aa30,0xa5680000)
  to   space 82688K, 0% used [0xa6e00000,0xa6e00000,0xabec0000)
 ParOldGen       total 126464K, used 77583K [0x734c0000, 0x7b040000, 0x9df40000)
  object space 126464K, 61% used [0x734c0000,0x78083db8,0x7b040000)
 PSPermGen       total 16384K, used 3682K [0x6b4c0000, 0x6c4c0000, 0x734c0000)
  object space 16384K, 22% used [0x6b4c0000,0x6b858948,0x6c4c0000)
}
Event: 21,956 GC heap before
{Heap before GC invocations=12 (full 2):
 PSYoungGen      total 122112K, used 117098K [0x9df40000, 0xabec0000, 0xb34c0000)
  eden space 50176K, 100% used [0x9df40000,0xa1040000,0xa1040000)
  from space 71936K, 93% used [0xa1040000,0xa519aa30,0xa5680000)
  to   space 82688K, 0% used [0xa6e00000,0xa6e00000,0xabec0000)
 ParOldGen       total 126464K, used 77583K [0x734c0000, 0x7b040000, 0x9df40000)
  object space 126464K, 61% used [0x734c0000,0x78083db8,0x7b040000)
 PSPermGen       total 16384K, used 3683K [0x6b4c0000, 0x6c4c0000, 0x734c0000)
  object space 16384K, 22% used [0x6b4c0000,0x6b858cf8,0x6c4c0000)

