# JRE version: OpenJDK Runtime Environment (7.0_65-b32) (build 1.7.0_65-b32)
# Java VM: OpenJDK Server VM (24.65-b04 mixed mode linux-x86 )
Heap
 PSYoungGen      total 213248K, used 18382K [0x9df40000, 0xae080000, 0xb34c0000)
  eden space 192000K, 9% used [0x9df40000,0x9f133a58,0xa9ac0000)
  from space 21248K, 0% used [0xa9ac0000,0xa9ac0000,0xaaf80000)
  to   space 25600K, 0% used [0xac780000,0xac780000,0xae080000)
 ParOldGen       total 75776K, used 75715K [0x734c0000, 0x77ec0000, 0x9df40000)
  object space 75776K, 99% used [0x734c0000,0x77eb0f40,0x77ec0000)
 PSPermGen       total 65536K, used 41517K [0x634c0000, 0x674c0000, 0x734c0000)
  object space 65536K, 63% used [0x634c0000,0x65d4b440,0x674c0000)
GC Heap History (10 events):
Event: 46,207 GC heap after
Heap after GC invocations=18 (full 2):
 PSYoungGen      total 160000K, used 0K [0x9df40000, 0xab180000, 0xb34c0000)
  eden space 158464K, 0% used [0x9df40000,0x9df40000,0xa7a00000)
  from space 1536K, 0% used [0xab000000,0xab000000,0xab180000)
  to   space 13568K, 0% used [0xa9700000,0xa9700000,0xaa440000)
 ParOldGen       total 75776K, used 37649K [0x734c0000, 0x77ec0000, 0x9df40000)
  object space 75776K, 49% used [0x734c0000,0x75984438,0x77ec0000)
 PSPermGen       total 61184K, used 27537K [0x634c0000, 0x67080000, 0x734c0000)
  object space 61184K, 45% used [0x634c0000,0x64fa44e0,0x67080000)
}
Event: 115,495 GC heap before
{Heap before GC invocations=19 (full 2):
 PSYoungGen      total 160000K, used 158464K [0x9df40000, 0xab180000, 0xb34c0000)
  eden space 158464K, 100% used [0x9df40000,0xa7a00000,0xa7a00000)
  from space 1536K, 0% used [0xab000000,0xab000000,0xab180000)
  to   space 13568K, 0% used [0xa9700000,0xa9700000,0xaa440000)
 ParOldGen       total 75776K, used 37649K [0x734c0000, 0x77ec0000, 0x9df40000)
  object space 75776K, 49% used [0x734c0000,0x75984438,0x77ec0000)
 PSPermGen       total 61184K, used 31618K [0x634c0000, 0x67080000, 0x734c0000)
  object space 61184K, 51% used [0x634c0000,0x653a0978,0x67080000)
Event: 115,572 GC heap after
Heap after GC invocations=19 (full 2):
 PSYoungGen      total 201728K, used 13553K [0x9df40000, 0xac1c0000, 0xb34c0000)
  eden space 188160K, 0% used [0x9df40000,0x9df40000,0xa9700000)
  from space 13568K, 99% used [0xa9700000,0xaa43c7e8,0xaa440000)
  to   space 18688K, 0% used [0xaaf80000,0xaaf80000,0xac1c0000)
 ParOldGen       total 75776K, used 45678K [0x734c0000, 0x77ec0000, 0x9df40000)
  object space 75776K, 60% used [0x734c0000,0x7615b968,0x77ec0000)
 PSPermGen       total 61184K, used 31618K [0x634c0000, 0x67080000, 0x734c0000)
  object space 61184K, 51% used [0x634c0000,0x653a0978,0x67080000)
}
Event: 294,974 GC heap before
{Heap before GC invocations=20 (full 2):
 PSYoungGen      total 201728K, used 201713K [0x9df40000, 0xac1c0000, 0xb34c0000)
  eden space 188160K, 100% used [0x9df40000,0xa9700000,0xa9700000)
  from space 13568K, 99% used [0xa9700000,0xaa43c7e8,0xaa440000)
  to   space 18688K, 0% used [0xaaf80000,0xaaf80000,0xac1c0000)
 ParOldGen       total 75776K, used 45678K [0x734c0000, 0x77ec0000, 0x9df40000)
  object space 75776K, 60% used [0x734c0000,0x7615b968,0x77ec0000)
 PSPermGen       total 61184K, used 34988K [0x634c0000, 0x67080000, 0x734c0000)
  object space 61184K, 57% used [0x634c0000,0x656eb368,0x67080000)
Event: 295,144 GC heap after
Heap after GC invocations=20 (full 2):
 PSYoungGen      total 210688K, used 17435K [0x9df40000, 0xad800000, 0xb34c0000)
  eden space 192000K, 0% used [0x9df40000,0x9df40000,0xa9ac0000)
  from space 18688K, 93% used [0xaaf80000,0xac086fe0,0xac1c0000)
  to   space 21248K, 0% used [0xa9ac0000,0xa9ac0000,0xaaf80000)
 ParOldGen       total 75776K, used 58754K [0x734c0000, 0x77ec0000, 0x9df40000)
  object space 75776K, 77% used [0x734c0000,0x76e209f8,0x77ec0000)
 PSPermGen       total 61184K, used 34988K [0x634c0000, 0x67080000, 0x734c0000)
  object space 61184K, 57% used [0x634c0000,0x656eb368,0x67080000)
}
Event: 319,238 GC heap before
{Heap before GC invocations=21 (full 2):
 PSYoungGen      total 210688K, used 168542K [0x9df40000, 0xad800000, 0xb34c0000)
  eden space 192000K, 78% used [0x9df40000,0xa72d0980,0xa9ac0000)
  from space 18688K, 93% used [0xaaf80000,0xac086fe0,0xac1c0000)
  to   space 21248K, 0% used [0xa9ac0000,0xa9ac0000,0xaaf80000)
 ParOldGen       total 75776K, used 58754K [0x734c0000, 0x77ec0000, 0x9df40000)
  object space 75776K, 77% used [0x734c0000,0x76e209f8,0x77ec0000)
 PSPermGen       total 61184K, used 37188K [0x634c0000, 0x67080000, 0x734c0000)
  object space 61184K, 60% used [0x634c0000,0x659110c8,0x67080000)
Event: 319,316 GC heap after
Heap after GC invocations=21 (full 2):
 PSYoungGen      total 213248K, used 21232K [0x9df40000, 0xae080000, 0xb34c0000)
  eden space 192000K, 0% used [0x9df40000,0x9df40000,0xa9ac0000)
  from space 21248K, 99% used [0xa9ac0000,0xaaf7c330,0xaaf80000)
  to   space 25600K, 0% used [0xac780000,0xac780000,0xae080000)
 ParOldGen       total 75776K, used 61665K [0x734c0000, 0x77ec0000, 0x9df40000)
  object space 75776K, 81% used [0x734c0000,0x770f87b0,0x77ec0000)
 PSPermGen       total 61184K, used 37188K [0x634c0000, 0x67080000, 0x734c0000)
  object space 61184K, 60% used [0x634c0000,0x659110c8,0x67080000)
}
Event: 319,316 GC heap before
{Heap before GC invocations=22 (full 3):
 PSYoungGen      total 213248K, used 21232K [0x9df40000, 0xae080000, 0xb34c0000)
  eden space 192000K, 0% used [0x9df40000,0x9df40000,0xa9ac0000)
  from space 21248K, 99% used [0xa9ac0000,0xaaf7c330,0xaaf80000)
  to   space 25600K, 0% used [0xac780000,0xac780000,0xae080000)
 ParOldGen       total 75776K, used 61665K [0x734c0000, 0x77ec0000, 0x9df40000)
  object space 75776K, 81% used [0x734c0000,0x770f87b0,0x77ec0000)
 PSPermGen       total 61184K, used 37188K [0x634c0000, 0x67080000, 0x734c0000)
  object space 61184K, 60% used [0x634c0000,0x659110c8,0x67080000)
Event: 321,141 GC heap after
Heap after GC invocations=22 (full 3):
 PSYoungGen      total 213248K, used 0K [0x9df40000, 0xae080000, 0xb34c0000)
  eden space 192000K, 0% used [0x9df40000,0x9df40000,0xa9ac0000)
  from space 21248K, 0% used [0xa9ac0000,0xa9ac0000,0xaaf80000)
  to   space 25600K, 0% used [0xac780000,0xac780000,0xae080000)
 ParOldGen       total 75776K, used 73147K [0x734c0000, 0x77ec0000, 0x9df40000)
  object space 75776K, 96% used [0x734c0000,0x77c2ed98,0x77ec0000)
 PSPermGen       total 65536K, used 37179K [0x634c0000, 0x674c0000, 0x734c0000)
  object space 65536K, 56% used [0x634c0000,0x6590eee0,0x674c0000)
}
Event: 359,727 GC heap before
{Heap before GC invocations=23 (full 4):
 PSYoungGen      total 213248K, used 192000K [0x9df40000, 0xae080000, 0xb34c0000)
  eden space 192000K, 100% used [0x9df40000,0xa9ac0000,0xa9ac0000)
  from space 21248K, 0% used [0xa9ac0000,0xa9ac0000,0xaaf80000)
  to   space 25600K, 0% used [0xac780000,0xac780000,0xae080000)
 ParOldGen       total 75776K, used 73147K [0x734c0000, 0x77ec0000, 0x9df40000)
  object space 75776K, 96% used [0x734c0000,0x77c2ed98,0x77ec0000)
 PSPermGen       total 65536K, used 41520K [0x634c0000, 0x674c0000, 0x734c0000)
  object space 65536K, 63% used [0x634c0000,0x65d4c2f8,0x674c0000)

