# JRE version: OpenJDK Runtime Environment (7.0_65-b32) (build 1.7.0_65-b32)
# Java VM: OpenJDK Server VM (24.65-b04 mixed mode linux-x86 )
Heap
 PSYoungGen      total 18432K, used 2554K [0x9de80000, 0x9f300000, 0xb3400000)
  eden space 15872K, 0% used [0x9de80000,0x9de80000,0x9ee00000)
  from space 2560K, 99% used [0x9ee00000,0x9f07e9d8,0x9f080000)
  to   space 2560K, 0% used [0x9f080000,0x9f080000,0x9f300000)
 ParOldGen       total 41728K, used 6688K [0x73400000, 0x75cc0000, 0x9de80000)
  object space 41728K, 16% used [0x73400000,0x73a880d8,0x75cc0000)
 PSPermGen       total 16384K, used 3699K [0x6b400000, 0x6c400000, 0x73400000)
  object space 16384K, 22% used [0x6b400000,0x6b79ce60,0x6c400000)
GC Heap History (5 events):
Event: 7,936 GC heap before
{Heap before GC invocations=1 (full 0):
 PSYoungGen      total 18432K, used 15872K [0x9de80000, 0x9f300000, 0xb3400000)
  eden space 15872K, 100% used [0x9de80000,0x9ee00000,0x9ee00000)
  from space 2560K, 0% used [0x9f080000,0x9f080000,0x9f300000)
  to   space 2560K, 0% used [0x9ee00000,0x9ee00000,0x9f080000)
 ParOldGen       total 41728K, used 0K [0x73400000, 0x75cc0000, 0x9de80000)
  object space 41728K, 0% used [0x73400000,0x73400000,0x75cc0000)
 PSPermGen       total 16384K, used 3592K [0x6b400000, 0x6c400000, 0x73400000)
  object space 16384K, 21% used [0x6b400000,0x6b7823e8,0x6c400000)
Event: 7,944 GC heap after
Heap after GC invocations=1 (full 0):
 PSYoungGen      total 18432K, used 2546K [0x9de80000, 0x9f300000, 0xb3400000)
  eden space 15872K, 0% used [0x9de80000,0x9de80000,0x9ee00000)
  from space 2560K, 99% used [0x9ee00000,0x9f07caf0,0x9f080000)
  to   space 2560K, 0% used [0x9f080000,0x9f080000,0x9f300000)
 ParOldGen       total 41728K, used 1302K [0x73400000, 0x75cc0000, 0x9de80000)
  object space 41728K, 3% used [0x73400000,0x73545ae8,0x75cc0000)
 PSPermGen       total 16384K, used 3592K [0x6b400000, 0x6c400000, 0x73400000)
  object space 16384K, 21% used [0x6b400000,0x6b7823e8,0x6c400000)
}
Event: 10,455 GC heap before
{Heap before GC invocations=2 (full 0):
 PSYoungGen      total 18432K, used 18418K [0x9de80000, 0x9f300000, 0xb3400000)
  eden space 15872K, 100% used [0x9de80000,0x9ee00000,0x9ee00000)
  from space 2560K, 99% used [0x9ee00000,0x9f07caf0,0x9f080000)
  to   space 2560K, 0% used [0x9f080000,0x9f080000,0x9f300000)
 ParOldGen       total 41728K, used 1302K [0x73400000, 0x75cc0000, 0x9de80000)
  object space 41728K, 3% used [0x73400000,0x73545ae8,0x75cc0000)
 PSPermGen       total 16384K, used 3673K [0x6b400000, 0x6c400000, 0x73400000)
  object space 16384K, 22% used [0x6b400000,0x6b796718,0x6c400000)
Event: 10,485 GC heap after
Heap after GC invocations=2 (full 0):
 PSYoungGen      total 18432K, used 2545K [0x9de80000, 0x9f300000, 0xb3400000)
  eden space 15872K, 0% used [0x9de80000,0x9de80000,0x9ee00000)
  from space 2560K, 99% used [0x9f080000,0x9f2fc7f0,0x9f300000)
  to   space 2560K, 0% used [0x9ee00000,0x9ee00000,0x9f080000)
 ParOldGen       total 41728K, used 3950K [0x73400000, 0x75cc0000, 0x9de80000)
  object space 41728K, 9% used [0x73400000,0x737dbb58,0x75cc0000)
 PSPermGen       total 16384K, used 3673K [0x6b400000, 0x6c400000, 0x73400000)
  object space 16384K, 22% used [0x6b400000,0x6b796718,0x6c400000)
}
Event: 12,192 GC heap before
{Heap before GC invocations=3 (full 0):
 PSYoungGen      total 18432K, used 18417K [0x9de80000, 0x9f300000, 0xb3400000)
  eden space 15872K, 100% used [0x9de80000,0x9ee00000,0x9ee00000)
  from space 2560K, 99% used [0x9f080000,0x9f2fc7f0,0x9f300000)
  to   space 2560K, 0% used [0x9ee00000,0x9ee00000,0x9f080000)
 ParOldGen       total 41728K, used 3950K [0x73400000, 0x75cc0000, 0x9de80000)
  object space 41728K, 9% used [0x73400000,0x737dbb58,0x75cc0000)
 PSPermGen       total 16384K, used 3699K [0x6b400000, 0x6c400000, 0x73400000)
  object space 16384K, 22% used [0x6b400000,0x6b79ce60,0x6c400000)

