# JRE version: OpenJDK Runtime Environment (7.0_65-b32) (build 1.7.0_65-b32)
# Java VM: OpenJDK Server VM (24.65-b04 mixed mode linux-x86 )
Heap
 PSYoungGen      total 70912K, used 8445K [0x9df00000, 0xa2d80000, 0xb3480000)
  eden space 62464K, 0% used [0x9df00000,0x9df00000,0xa1c00000)
  from space 8448K, 99% used [0xa1c00000,0xa243f438,0xa2440000)
  to   space 7424K, 0% used [0xa2440000,0xa2440000,0xa2b80000)
 ParOldGen       total 41728K, used 22920K [0x73480000, 0x75d40000, 0x9df00000)
  object space 41728K, 54% used [0x73480000,0x74ae2260,0x75d40000)
 PSPermGen       total 16384K, used 3768K [0x6b480000, 0x6c480000, 0x73480000)
  object space 16384K, 23% used [0x6b480000,0x6b82e2a8,0x6c480000)
GC Heap History (10 events):
Event: 6,230 GC heap after
Heap after GC invocations=2 (full 0):
 PSYoungGen      total 18432K, used 2555K [0x9df00000, 0x9f380000, 0xb3480000)
  eden space 15872K, 0% used [0x9df00000,0x9df00000,0x9ee80000)
  from space 2560K, 99% used [0x9f100000,0x9f37eea0,0x9f380000)
  to   space 2560K, 0% used [0x9ee80000,0x9ee80000,0x9f100000)
 ParOldGen       total 41728K, used 3533K [0x73480000, 0x75d40000, 0x9df00000)
  object space 41728K, 8% used [0x73480000,0x737f35f0,0x75d40000)
 PSPermGen       total 16384K, used 3676K [0x6b480000, 0x6c480000, 0x73480000)
  object space 16384K, 22% used [0x6b480000,0x6b817380,0x6c480000)
}
Event: 9,025 GC heap before
{Heap before GC invocations=3 (full 0):
 PSYoungGen      total 18432K, used 18427K [0x9df00000, 0x9f380000, 0xb3480000)
  eden space 15872K, 100% used [0x9df00000,0x9ee80000,0x9ee80000)
  from space 2560K, 99% used [0x9f100000,0x9f37eea0,0x9f380000)
  to   space 2560K, 0% used [0x9ee80000,0x9ee80000,0x9f100000)
 ParOldGen       total 41728K, used 3533K [0x73480000, 0x75d40000, 0x9df00000)
  object space 41728K, 8% used [0x73480000,0x737f35f0,0x75d40000)
 PSPermGen       total 16384K, used 3701K [0x6b480000, 0x6c480000, 0x73480000)
  object space 16384K, 22% used [0x6b480000,0x6b81d510,0x6c480000)
Event: 9,057 GC heap after
Heap after GC invocations=3 (full 0):
 PSYoungGen      total 18432K, used 2556K [0x9df00000, 0xa0300000, 0xb3480000)
  eden space 15872K, 0% used [0x9df00000,0x9df00000,0x9ee80000)
  from space 2560K, 99% used [0x9ee80000,0x9f0ff018,0x9f100000)
  to   space 2560K, 0% used [0xa0080000,0xa0080000,0xa0300000)
 ParOldGen       total 41728K, used 5968K [0x73480000, 0x75d40000, 0x9df00000)
  object space 41728K, 14% used [0x73480000,0x73a54160,0x75d40000)
 PSPermGen       total 16384K, used 3701K [0x6b480000, 0x6c480000, 0x73480000)
  object space 16384K, 22% used [0x6b480000,0x6b81d510,0x6c480000)
}
Event: 11,261 GC heap before
{Heap before GC invocations=4 (full 0):
 PSYoungGen      total 18432K, used 18428K [0x9df00000, 0xa0300000, 0xb3480000)
  eden space 15872K, 100% used [0x9df00000,0x9ee80000,0x9ee80000)
  from space 2560K, 99% used [0x9ee80000,0x9f0ff018,0x9f100000)
  to   space 2560K, 0% used [0xa0080000,0xa0080000,0xa0300000)
 ParOldGen       total 41728K, used 5968K [0x73480000, 0x75d40000, 0x9df00000)
  object space 41728K, 14% used [0x73480000,0x73a54160,0x75d40000)
 PSPermGen       total 16384K, used 3712K [0x6b480000, 0x6c480000, 0x73480000)
  object space 16384K, 22% used [0x6b480000,0x6b820380,0x6c480000)
Event: 11,314 GC heap after
Heap after GC invocations=4 (full 0):
 PSYoungGen      total 34304K, used 2546K [0x9df00000, 0xa0300000, 0xb3480000)
  eden space 31744K, 0% used [0x9df00000,0x9df00000,0x9fe00000)
  from space 2560K, 99% used [0xa0080000,0xa02fca00,0xa0300000)
  to   space 2560K, 0% used [0x9fe00000,0x9fe00000,0xa0080000)
 ParOldGen       total 41728K, used 8021K [0x73480000, 0x75d40000, 0x9df00000)
  object space 41728K, 19% used [0x73480000,0x73c55688,0x75d40000)
 PSPermGen       total 16384K, used 3712K [0x6b480000, 0x6c480000, 0x73480000)
  object space 16384K, 22% used [0x6b480000,0x6b820380,0x6c480000)
}
Event: 14,355 GC heap before
{Heap before GC invocations=5 (full 0):
 PSYoungGen      total 34304K, used 34290K [0x9df00000, 0xa0300000, 0xb3480000)
  eden space 31744K, 100% used [0x9df00000,0x9fe00000,0x9fe00000)
  from space 2560K, 99% used [0xa0080000,0xa02fca00,0xa0300000)
  to   space 2560K, 0% used [0x9fe00000,0x9fe00000,0xa0080000)
 ParOldGen       total 41728K, used 8021K [0x73480000, 0x75d40000, 0x9df00000)
  object space 41728K, 19% used [0x73480000,0x73c55688,0x75d40000)
 PSPermGen       total 16384K, used 3732K [0x6b480000, 0x6c480000, 0x73480000)
  object space 16384K, 22% used [0x6b480000,0x6b825148,0x6c480000)
Event: 14,433 GC heap after
Heap after GC invocations=5 (full 0):
 PSYoungGen      total 34304K, used 2547K [0x9df00000, 0xa2b80000, 0xb3480000)
  eden space 31744K, 0% used [0x9df00000,0x9df00000,0x9fe00000)
  from space 2560K, 99% used [0x9fe00000,0xa007cd88,0xa0080000)
  to   space 7424K, 0% used [0xa2440000,0xa2440000,0xa2b80000)
 ParOldGen       total 41728K, used 13093K [0x73480000, 0x75d40000, 0x9df00000)
  object space 41728K, 31% used [0x73480000,0x74149648,0x75d40000)
 PSPermGen       total 16384K, used 3732K [0x6b480000, 0x6c480000, 0x73480000)
  object space 16384K, 22% used [0x6b480000,0x6b825148,0x6c480000)
}
Event: 17,172 GC heap before
{Heap before GC invocations=6 (full 0):
 PSYoungGen      total 34304K, used 34291K [0x9df00000, 0xa2b80000, 0xb3480000)
  eden space 31744K, 100% used [0x9df00000,0x9fe00000,0x9fe00000)
  from space 2560K, 99% used [0x9fe00000,0xa007cd88,0xa0080000)
  to   space 7424K, 0% used [0xa2440000,0xa2440000,0xa2b80000)
 ParOldGen       total 41728K, used 13093K [0x73480000, 0x75d40000, 0x9df00000)
  object space 41728K, 31% used [0x73480000,0x74149648,0x75d40000)
 PSPermGen       total 16384K, used 3749K [0x6b480000, 0x6c480000, 0x73480000)
  object space 16384K, 22% used [0x6b480000,0x6b8297a8,0x6c480000)
Event: 17,247 GC heap after
Heap after GC invocations=6 (full 0):
 PSYoungGen      total 69888K, used 7387K [0x9df00000, 0xa2d80000, 0xb3480000)
  eden space 62464K, 0% used [0x9df00000,0x9df00000,0xa1c00000)
  from space 7424K, 99% used [0xa2440000,0xa2b76e40,0xa2b80000)
  to   space 8448K, 0% used [0xa1c00000,0xa1c00000,0xa2440000)
 ParOldGen       total 41728K, used 13093K [0x73480000, 0x75d40000, 0x9df00000)
  object space 41728K, 31% used [0x73480000,0x74149648,0x75d40000)
 PSPermGen       total 16384K, used 3749K [0x6b480000, 0x6c480000, 0x73480000)
  object space 16384K, 22% used [0x6b480000,0x6b8297a8,0x6c480000)
}
Event: 21,495 GC heap before
{Heap before GC invocations=7 (full 0):
 PSYoungGen      total 69888K, used 69851K [0x9df00000, 0xa2d80000, 0xb3480000)
  eden space 62464K, 100% used [0x9df00000,0xa1c00000,0xa1c00000)
  from space 7424K, 99% used [0xa2440000,0xa2b76e40,0xa2b80000)
  to   space 8448K, 0% used [0xa1c00000,0xa1c00000,0xa2440000)
 ParOldGen       total 41728K, used 13093K [0x73480000, 0x75d40000, 0x9df00000)
  object space 41728K, 31% used [0x73480000,0x74149648,0x75d40000)
 PSPermGen       total 16384K, used 3768K [0x6b480000, 0x6c480000, 0x73480000)
  object space 16384K, 23% used [0x6b480000,0x6b82e2a8,0x6c480000)

