# JRE version: OpenJDK Runtime Environment (7.0_65-b32) (build 1.7.0_65-b32)
# Java VM: OpenJDK Server VM (24.65-b04 mixed mode linux-x86 )
Heap
 PSYoungGen      total 229632K, used 23592K [0x9df40000, 0xae6c0000, 0xb34c0000)
  eden space 208384K, 11% used [0x9df40000,0x9f64a130,0xaaac0000)
  from space 21248K, 0% used [0xaaac0000,0xaaac0000,0xabf80000)
  to   space 25344K, 0% used [0xace00000,0xace00000,0xae6c0000)
 ParOldGen       total 74496K, used 74479K [0x734c0000, 0x77d80000, 0x9df40000)
  object space 74496K, 99% used [0x734c0000,0x77d7bd18,0x77d80000)
 PSPermGen       total 66048K, used 43191K [0x634c0000, 0x67540000, 0x734c0000)
  object space 66048K, 65% used [0x634c0000,0x65eedc58,0x67540000)
GC Heap History (10 events):
Event: 55,948 GC heap after
Heap after GC invocations=18 (full 2):
 PSYoungGen      total 167168K, used 0K [0x9df40000, 0xab300000, 0xb34c0000)
  eden space 165632K, 0% used [0x9df40000,0x9df40000,0xa8100000)
  from space 1536K, 0% used [0xab180000,0xab180000,0xab300000)
  to   space 13568K, 0% used [0xa9880000,0xa9880000,0xaa5c0000)
 ParOldGen       total 74496K, used 37670K [0x734c0000, 0x77d80000, 0x9df40000)
  object space 74496K, 50% used [0x734c0000,0x759898f0,0x77d80000)
 PSPermGen       total 61184K, used 27537K [0x634c0000, 0x67080000, 0x734c0000)
  object space 61184K, 45% used [0x634c0000,0x64fa4550,0x67080000)
}
Event: 118,653 GC heap before
{Heap before GC invocations=19 (full 2):
 PSYoungGen      total 167168K, used 165621K [0x9df40000, 0xab300000, 0xb34c0000)
  eden space 165632K, 99% used [0x9df40000,0xa80fd5d0,0xa8100000)
  from space 1536K, 0% used [0xab180000,0xab180000,0xab300000)
  to   space 13568K, 0% used [0xa9880000,0xa9880000,0xaa5c0000)
 ParOldGen       total 74496K, used 37670K [0x734c0000, 0x77d80000, 0x9df40000)
  object space 74496K, 50% used [0x734c0000,0x759898f0,0x77d80000)
 PSPermGen       total 61184K, used 31820K [0x634c0000, 0x67080000, 0x734c0000)
  object space 61184K, 52% used [0x634c0000,0x653d32c0,0x67080000)
Event: 118,708 GC heap after
Heap after GC invocations=19 (full 2):
 PSYoungGen      total 203264K, used 13565K [0x9df40000, 0xad200000, 0xb34c0000)
  eden space 189696K, 0% used [0x9df40000,0x9df40000,0xa9880000)
  from space 13568K, 99% used [0xa9880000,0xaa5bf568,0xaa5c0000)
  to   space 18944K, 0% used [0xabf80000,0xabf80000,0xad200000)
 ParOldGen       total 74496K, used 46768K [0x734c0000, 0x77d80000, 0x9df40000)
  object space 74496K, 62% used [0x734c0000,0x7626c118,0x77d80000)
 PSPermGen       total 61184K, used 31820K [0x634c0000, 0x67080000, 0x734c0000)
  object space 61184K, 52% used [0x634c0000,0x653d32c0,0x67080000)
}
Event: 394,453 GC heap before
{Heap before GC invocations=20 (full 2):
 PSYoungGen      total 203264K, used 203261K [0x9df40000, 0xad200000, 0xb34c0000)
  eden space 189696K, 100% used [0x9df40000,0xa9880000,0xa9880000)
  from space 13568K, 99% used [0xa9880000,0xaa5bf568,0xaa5c0000)
  to   space 18944K, 0% used [0xabf80000,0xabf80000,0xad200000)
 ParOldGen       total 74496K, used 46768K [0x734c0000, 0x77d80000, 0x9df40000)
  object space 74496K, 62% used [0x734c0000,0x7626c118,0x77d80000)
 PSPermGen       total 61184K, used 35167K [0x634c0000, 0x67080000, 0x734c0000)
  object space 61184K, 57% used [0x634c0000,0x65717e30,0x67080000)
Event: 394,557 GC heap after
Heap after GC invocations=20 (full 2):
 PSYoungGen      total 227328K, used 17010K [0x9df40000, 0xadec0000, 0xb34c0000)
  eden space 208384K, 0% used [0x9df40000,0x9df40000,0xaaac0000)
  from space 18944K, 89% used [0xabf80000,0xad01c808,0xad200000)
  to   space 21248K, 0% used [0xaaac0000,0xaaac0000,0xabf80000)
 ParOldGen       total 74496K, used 59309K [0x734c0000, 0x77d80000, 0x9df40000)
  object space 74496K, 79% used [0x734c0000,0x76eab748,0x77d80000)
 PSPermGen       total 61184K, used 35167K [0x634c0000, 0x67080000, 0x734c0000)
  object space 61184K, 57% used [0x634c0000,0x65717e30,0x67080000)
}
Event: 406,904 GC heap before
{Heap before GC invocations=21 (full 2):
 PSYoungGen      total 227328K, used 183355K [0x9df40000, 0xadec0000, 0xb34c0000)
  eden space 208384K, 79% used [0x9df40000,0xa81b2738,0xaaac0000)
  from space 18944K, 89% used [0xabf80000,0xad01c808,0xad200000)
  to   space 21248K, 0% used [0xaaac0000,0xaaac0000,0xabf80000)
 ParOldGen       total 74496K, used 59309K [0x734c0000, 0x77d80000, 0x9df40000)
  object space 74496K, 79% used [0x734c0000,0x76eab748,0x77d80000)
 PSPermGen       total 61184K, used 37670K [0x634c0000, 0x67080000, 0x734c0000)
  object space 61184K, 61% used [0x634c0000,0x65989b88,0x67080000)
Event: 407,035 GC heap after
Heap after GC invocations=21 (full 2):
 PSYoungGen      total 229632K, used 21235K [0x9df40000, 0xae6c0000, 0xb34c0000)
  eden space 208384K, 0% used [0x9df40000,0x9df40000,0xaaac0000)
  from space 21248K, 99% used [0xaaac0000,0xabf7ce28,0xabf80000)
  to   space 25344K, 0% used [0xace00000,0xace00000,0xae6c0000)
 ParOldGen       total 74496K, used 60664K [0x734c0000, 0x77d80000, 0x9df40000)
  object space 74496K, 81% used [0x734c0000,0x76ffe150,0x77d80000)
 PSPermGen       total 61184K, used 37670K [0x634c0000, 0x67080000, 0x734c0000)
  object space 61184K, 61% used [0x634c0000,0x65989b88,0x67080000)
}
Event: 407,058 GC heap before
{Heap before GC invocations=22 (full 3):
 PSYoungGen      total 229632K, used 21235K [0x9df40000, 0xae6c0000, 0xb34c0000)
  eden space 208384K, 0% used [0x9df40000,0x9df40000,0xaaac0000)
  from space 21248K, 99% used [0xaaac0000,0xabf7ce28,0xabf80000)
  to   space 25344K, 0% used [0xace00000,0xace00000,0xae6c0000)
 ParOldGen       total 74496K, used 60664K [0x734c0000, 0x77d80000, 0x9df40000)
  object space 74496K, 81% used [0x734c0000,0x76ffe150,0x77d80000)
 PSPermGen       total 61184K, used 37670K [0x634c0000, 0x67080000, 0x734c0000)
  object space 61184K, 61% used [0x634c0000,0x65989b88,0x67080000)
Event: 408,868 GC heap after
Heap after GC invocations=22 (full 3):
 PSYoungGen      total 229632K, used 0K [0x9df40000, 0xae6c0000, 0xb34c0000)
  eden space 208384K, 0% used [0x9df40000,0x9df40000,0xaaac0000)
  from space 21248K, 0% used [0xaaac0000,0xaaac0000,0xabf80000)
  to   space 25344K, 0% used [0xace00000,0xace00000,0xae6c0000)
 ParOldGen       total 74496K, used 73152K [0x734c0000, 0x77d80000, 0x9df40000)
  object space 74496K, 98% used [0x734c0000,0x77c30178,0x77d80000)
 PSPermGen       total 66048K, used 37662K [0x634c0000, 0x67540000, 0x734c0000)
  object space 66048K, 57% used [0x634c0000,0x65987860,0x67540000)
}
Event: 737,413 GC heap before
{Heap before GC invocations=23 (full 4):
 PSYoungGen      total 229632K, used 208384K [0x9df40000, 0xae6c0000, 0xb34c0000)
  eden space 208384K, 100% used [0x9df40000,0xaaac0000,0xaaac0000)
  from space 21248K, 0% used [0xaaac0000,0xaaac0000,0xabf80000)
  to   space 25344K, 0% used [0xace00000,0xace00000,0xae6c0000)
 ParOldGen       total 74496K, used 73152K [0x734c0000, 0x77d80000, 0x9df40000)
  object space 74496K, 98% used [0x734c0000,0x77c30178,0x77d80000)
 PSPermGen       total 66048K, used 43195K [0x634c0000, 0x67540000, 0x734c0000)
  object space 66048K, 65% used [0x634c0000,0x65eeed08,0x67540000)

