# JRE version: OpenJDK Runtime Environment (7.0_65-b32) (build 1.7.0_65-b32)
# Java VM: OpenJDK Server VM (24.65-b04 mixed mode linux-x86 )
Heap
 PSYoungGen      total 247040K, used 25519K [0x9dec0000, 0xafc80000, 0xb3440000)
  eden space 201472K, 0% used [0x9dec0000,0x9dec0000,0xaa380000)
  from space 45568K, 56% used [0xad000000,0xae8ebff0,0xafc80000)
  to   space 22528K, 0% used [0xaa380000,0xaa380000,0xab980000)
 ParOldGen       total 151040K, used 70929K [0x73440000, 0x7c7c0000, 0x9dec0000)
  object space 151040K, 46% used [0x73440000,0x77984640,0x7c7c0000)
 PSPermGen       total 83200K, used 75217K [0x63440000, 0x68580000, 0x73440000)
  object space 83200K, 90% used [0x63440000,0x67db4508,0x68580000)
GC Heap History (10 events):
Event: 13251,573 GC heap after
Heap after GC invocations=71 (full 18):
 PSYoungGen      total 218368K, used 15877K [0x9dec0000, 0xb0540000, 0xb3440000)
  eden space 168448K, 0% used [0x9dec0000,0x9dec0000,0xa8340000)
  from space 49920K, 31% used [0xa8340000,0xa92c1528,0xab400000)
  to   space 49152K, 0% used [0xad540000,0xad540000,0xb0540000)
 ParOldGen       total 151040K, used 107745K [0x73440000, 0x7c7c0000, 0x9dec0000)
  object space 151040K, 71% used [0x73440000,0x79d78518,0x7c7c0000)
 PSPermGen       total 80640K, used 68139K [0x63440000, 0x68300000, 0x73440000)
  object space 80640K, 84% used [0x63440000,0x676cae48,0x68300000)
}
Event: 13251,573 GC heap before
{Heap before GC invocations=72 (full 19):
 PSYoungGen      total 218368K, used 15877K [0x9dec0000, 0xb0540000, 0xb3440000)
  eden space 168448K, 0% used [0x9dec0000,0x9dec0000,0xa8340000)
  from space 49920K, 31% used [0xa8340000,0xa92c1528,0xab400000)
  to   space 49152K, 0% used [0xad540000,0xad540000,0xb0540000)
 ParOldGen       total 151040K, used 107745K [0x73440000, 0x7c7c0000, 0x9dec0000)
  object space 151040K, 71% used [0x73440000,0x79d78518,0x7c7c0000)
 PSPermGen       total 80640K, used 68139K [0x63440000, 0x68300000, 0x73440000)
  object space 80640K, 84% used [0x63440000,0x676cae48,0x68300000)
Event: 13252,626 GC heap after
Heap after GC invocations=72 (full 19):
 PSYoungGen      total 218368K, used 0K [0x9dec0000, 0xb0540000, 0xb3440000)
  eden space 168448K, 0% used [0x9dec0000,0x9dec0000,0xa8340000)
  from space 49920K, 0% used [0xa8340000,0xa8340000,0xab400000)
  to   space 49152K, 0% used [0xad540000,0xad540000,0xb0540000)
 ParOldGen       total 151040K, used 50230K [0x73440000, 0x7c7c0000, 0x9dec0000)
  object space 151040K, 33% used [0x73440000,0x7654da58,0x7c7c0000)
 PSPermGen       total 79872K, used 66375K [0x63440000, 0x68240000, 0x73440000)
  object space 79872K, 83% used [0x63440000,0x67511e30,0x68240000)
}
Event: 13461,722 GC heap before
{Heap before GC invocations=73 (full 19):
 PSYoungGen      total 218368K, used 168448K [0x9dec0000, 0xb0540000, 0xb3440000)
  eden space 168448K, 100% used [0x9dec0000,0xa8340000,0xa8340000)
  from space 49920K, 0% used [0xa8340000,0xa8340000,0xab400000)
  to   space 49152K, 0% used [0xad540000,0xad540000,0xb0540000)
 ParOldGen       total 151040K, used 50230K [0x73440000, 0x7c7c0000, 0x9dec0000)
  object space 151040K, 33% used [0x73440000,0x7654da58,0x7c7c0000)
 PSPermGen       total 79872K, used 70611K [0x63440000, 0x68240000, 0x73440000)
  object space 79872K, 88% used [0x63440000,0x67934de8,0x68240000)
Event: 13461,838 GC heap after
Heap after GC invocations=73 (full 19):
 PSYoungGen      total 245248K, used 26508K [0x9dec0000, 0xb0000000, 0xb3440000)
  eden space 201472K, 0% used [0x9dec0000,0x9dec0000,0xaa380000)
  from space 43776K, 60% used [0xad540000,0xaef232b0,0xb0000000)
  to   space 47360K, 0% used [0xaa380000,0xaa380000,0xad1c0000)
 ParOldGen       total 151040K, used 50230K [0x73440000, 0x7c7c0000, 0x9dec0000)
  object space 151040K, 33% used [0x73440000,0x7654da58,0x7c7c0000)
 PSPermGen       total 79872K, used 70611K [0x63440000, 0x68240000, 0x73440000)
  object space 79872K, 88% used [0x63440000,0x67934de8,0x68240000)
}
Event: 13469,346 GC heap before
{Heap before GC invocations=74 (full 19):
 PSYoungGen      total 245248K, used 100557K [0x9dec0000, 0xb0000000, 0xb3440000)
  eden space 201472K, 36% used [0x9dec0000,0xa2710518,0xaa380000)
  from space 43776K, 60% used [0xad540000,0xaef232b0,0xb0000000)
  to   space 47360K, 0% used [0xaa380000,0xaa380000,0xad1c0000)
 ParOldGen       total 151040K, used 50230K [0x73440000, 0x7c7c0000, 0x9dec0000)
  object space 151040K, 33% used [0x73440000,0x7654da58,0x7c7c0000)
 PSPermGen       total 79872K, used 70909K [0x63440000, 0x68240000, 0x73440000)
  object space 79872K, 88% used [0x63440000,0x6797f7b0,0x68240000)
Event: 13469,424 GC heap after
Heap after GC invocations=74 (full 19):
 PSYoungGen      total 224000K, used 22272K [0x9dec0000, 0xafc80000, 0xb3440000)
  eden space 201472K, 0% used [0x9dec0000,0x9dec0000,0xaa380000)
  from space 22528K, 98% used [0xaa380000,0xab9400b8,0xab980000)
  to   space 45568K, 0% used [0xad000000,0xad000000,0xafc80000)
 ParOldGen       total 151040K, used 50230K [0x73440000, 0x7c7c0000, 0x9dec0000)
  object space 151040K, 33% used [0x73440000,0x7654da58,0x7c7c0000)
 PSPermGen       total 79872K, used 70909K [0x63440000, 0x68240000, 0x73440000)
  object space 79872K, 88% used [0x63440000,0x6797f7b0,0x68240000)
}
Event: 13469,424 GC heap before
{Heap before GC invocations=75 (full 20):
 PSYoungGen      total 224000K, used 22272K [0x9dec0000, 0xafc80000, 0xb3440000)
  eden space 201472K, 0% used [0x9dec0000,0x9dec0000,0xaa380000)
  from space 22528K, 98% used [0xaa380000,0xab9400b8,0xab980000)
  to   space 45568K, 0% used [0xad000000,0xad000000,0xafc80000)
 ParOldGen       total 151040K, used 50230K [0x73440000, 0x7c7c0000, 0x9dec0000)
  object space 151040K, 33% used [0x73440000,0x7654da58,0x7c7c0000)
 PSPermGen       total 79872K, used 70909K [0x63440000, 0x68240000, 0x73440000)
  object space 79872K, 88% used [0x63440000,0x6797f7b0,0x68240000)
Event: 13471,095 GC heap after
Heap after GC invocations=75 (full 20):
 PSYoungGen      total 224000K, used 0K [0x9dec0000, 0xafc80000, 0xb3440000)
  eden space 201472K, 0% used [0x9dec0000,0x9dec0000,0xaa380000)
  from space 22528K, 0% used [0xaa380000,0xaa380000,0xab980000)
  to   space 45568K, 0% used [0xad000000,0xad000000,0xafc80000)
 ParOldGen       total 151040K, used 70929K [0x73440000, 0x7c7c0000, 0x9dec0000)
  object space 151040K, 46% used [0x73440000,0x77984640,0x7c7c0000)
 PSPermGen       total 83200K, used 70906K [0x63440000, 0x68580000, 0x73440000)
  object space 83200K, 85% used [0x63440000,0x6797e9e8,0x68580000)
}
Event: 13555,719 GC heap before
{Heap before GC invocations=76 (full 20):
 PSYoungGen      total 224000K, used 201472K [0x9dec0000, 0xafc80000, 0xb3440000)
  eden space 201472K, 100% used [0x9dec0000,0xaa380000,0xaa380000)
  from space 22528K, 0% used [0xaa380000,0xaa380000,0xab980000)
  to   space 45568K, 0% used [0xad000000,0xad000000,0xafc80000)
 ParOldGen       total 151040K, used 70929K [0x73440000, 0x7c7c0000, 0x9dec0000)
  object space 151040K, 46% used [0x73440000,0x77984640,0x7c7c0000)
 PSPermGen       total 83200K, used 75217K [0x63440000, 0x68580000, 0x73440000)
  object space 83200K, 90% used [0x63440000,0x67db4508,0x68580000)

