# JRE version: OpenJDK Runtime Environment (7.0_65-b32) (build 1.7.0_65-b32)
# Java VM: OpenJDK Server VM (24.65-b04 mixed mode linux-x86 )
Heap
 PSYoungGen      total 18432K, used 18010K [0x9dec0000, 0x9f340000, 0xb3440000)
  eden space 15872K, 97% used [0x9dec0000,0x9edd7a58,0x9ee40000)
  from space 2560K, 99% used [0x9f0c0000,0x9f33eea0,0x9f340000)
  to   space 2560K, 0% used [0x9ee40000,0x9ee40000,0x9f0c0000)
 ParOldGen       total 41728K, used 3636K [0x73440000, 0x75d00000, 0x9dec0000)
  object space 41728K, 8% used [0x73440000,0x737cd3b0,0x75d00000)
 PSPermGen       total 16384K, used 3701K [0x6b440000, 0x6c440000, 0x73440000)
  object space 16384K, 22% used [0x6b440000,0x6b7dd788,0x6c440000)
GC Heap History (4 events):
Event: 8,176 GC heap before
{Heap before GC invocations=1 (full 0):
 PSYoungGen      total 18432K, used 15872K [0x9dec0000, 0x9f340000, 0xb3440000)
  eden space 15872K, 100% used [0x9dec0000,0x9ee40000,0x9ee40000)
  from space 2560K, 0% used [0x9f0c0000,0x9f0c0000,0x9f340000)
  to   space 2560K, 0% used [0x9ee40000,0x9ee40000,0x9f0c0000)
 ParOldGen       total 41728K, used 0K [0x73440000, 0x75d00000, 0x9dec0000)
  object space 41728K, 0% used [0x73440000,0x73440000,0x75d00000)
 PSPermGen       total 16384K, used 3598K [0x6b440000, 0x6c440000, 0x73440000)
  object space 16384K, 21% used [0x6b440000,0x6b7c3b60,0x6c440000)
Event: 8,198 GC heap after
Heap after GC invocations=1 (full 0):
 PSYoungGen      total 18432K, used 2548K [0x9dec0000, 0x9f340000, 0xb3440000)
  eden space 15872K, 0% used [0x9dec0000,0x9dec0000,0x9ee40000)
  from space 2560K, 99% used [0x9ee40000,0x9f0bd270,0x9f0c0000)
  to   space 2560K, 0% used [0x9f0c0000,0x9f0c0000,0x9f340000)
 ParOldGen       total 41728K, used 1194K [0x73440000, 0x75d00000, 0x9dec0000)
  object space 41728K, 2% used [0x73440000,0x7356abd8,0x75d00000)
 PSPermGen       total 16384K, used 3598K [0x6b440000, 0x6c440000, 0x73440000)
  object space 16384K, 21% used [0x6b440000,0x6b7c3b60,0x6c440000)
}
Event: 10,617 GC heap before
{Heap before GC invocations=2 (full 0):
 PSYoungGen      total 18432K, used 18420K [0x9dec0000, 0x9f340000, 0xb3440000)
  eden space 15872K, 100% used [0x9dec0000,0x9ee40000,0x9ee40000)
  from space 2560K, 99% used [0x9ee40000,0x9f0bd270,0x9f0c0000)
  to   space 2560K, 0% used [0x9f0c0000,0x9f0c0000,0x9f340000)
 ParOldGen       total 41728K, used 1194K [0x73440000, 0x75d00000, 0x9dec0000)
  object space 41728K, 2% used [0x73440000,0x7356abd8,0x75d00000)
 PSPermGen       total 16384K, used 3676K [0x6b440000, 0x6c440000, 0x73440000)
  object space 16384K, 22% used [0x6b440000,0x6b7d73c0,0x6c440000)
Event: 10,649 GC heap after
Heap after GC invocations=2 (full 0):
 PSYoungGen      total 18432K, used 2555K [0x9dec0000, 0x9f340000, 0xb3440000)
  eden space 15872K, 0% used [0x9dec0000,0x9dec0000,0x9ee40000)
  from space 2560K, 99% used [0x9f0c0000,0x9f33eea0,0x9f340000)
  to   space 2560K, 0% used [0x9ee40000,0x9ee40000,0x9f0c0000)
 ParOldGen       total 41728K, used 3636K [0x73440000, 0x75d00000, 0x9dec0000)
  object space 41728K, 8% used [0x73440000,0x737cd3b0,0x75d00000)
 PSPermGen       total 16384K, used 3676K [0x6b440000, 0x6c440000, 0x73440000)
  object space 16384K, 22% used [0x6b440000,0x6b7d73c0,0x6c440000)
}

